[debug] [2022-05-05T13:27:45.149Z] ----------------------------------------------------------------------
[debug] [2022-05-05T13:27:45.151Z] Command:       C:\Program Files\nodejs\node.exe C:\Users\rakes\AppData\Roaming\npm\node_modules\firebase-tools\lib\bin\firebase.js init
[debug] [2022-05-05T13:27:45.151Z] CLI Version:   10.8.0
[debug] [2022-05-05T13:27:45.151Z] Platform:      win32
[debug] [2022-05-05T13:27:45.151Z] Node Version:  v14.17.6
[debug] [2022-05-05T13:27:45.152Z] Time:          Thu May 05 2022 18:57:45 GMT+0530 (India Standard Time)
[debug] [2022-05-05T13:27:45.152Z] ----------------------------------------------------------------------
[debug] 
[debug] [2022-05-05T13:27:45.208Z] > command requires scopes: ["email","openid","https://www.googleapis.com/auth/cloudplatformprojects.readonly","https://www.googleapis.com/auth/firebase","https://www.googleapis.com/auth/cloud-platform"]
[debug] [2022-05-05T13:27:45.209Z] > authorizing via signed-in user (iappsyourway@gmail.com)
[info] 
     ######## #### ########  ######## ########     ###     ######  ########
     ##        ##  ##     ## ##       ##     ##  ##   ##  ##       ##
     ######    ##  ########  ######   ########  #########  ######  ######
     ##        ##  ##    ##  ##       ##     ## ##     ##       ## ##
     ##       #### ##     ## ######## ########  ##     ##  ######  ########

You're about to initialize a Firebase project in this directory:

  E:\Projects\Alfra Solution\paris_nails_customer

Before we get started, keep in mind:

  * You are initializing within an existing Firebase project directory

